<?xml version="1.0" encoding="UTF-8"?>
<Site BuildName="(empty)"
	BuildStamp="20250204-1905-Experimental"
	Name="(empty)"
	Generator="ctest-3.22.1"
	CompilerName=""
	CompilerVersion=""
	OSName="Linux"
	Hostname="ubuntu-linux-22-04-02-desktop"
	OSRelease="5.15.0-131-generic"
	OSVersion="#141-Ubuntu SMP Fri Jan 10 21:25:15 UTC 2025"
	OSPlatform="aarch64"
	Is64Bits="1"
	VendorString=""
	VendorID="Unknown Manufacturer"
	FamilyID="8"
	ModelID="0"
	ProcessorCacheSize="0"
	NumberOfLogicalCPU="2"
	NumberOfPhysicalCPU="1"
	TotalVirtualMemory="2047"
	TotalPhysicalMemory="1967"
	LogicalProcessorsPerPhysical="2"
	ProcessorClockFrequency="0"
	>
	<Testing>
		<StartDateTime>Feb 05 04:05 +09</StartDateTime>
		<StartTestTime>1738695953</StartTestTime>
		<TestList/>
		<EndDateTime>Feb 05 04:05 +09</EndDateTime>
		<EndTestTime>1738695953</EndTestTime>
		<ElapsedMinutes>0</ElapsedMinutes>
	</Testing>
</Site>
